1649837847707:gab
1649839927850:gcb
1649839946307:gaa
1649839951363:gag
1649839958434:gci 1
1649839971081:gac
1649839984429:gac 62568f2fc0c10f041bb0469c
1649840196606:gci 62568f2fc0c10f041bb0469a
1649843455399:gaa
1649843462878:aa test1
1649843465662:gaa
1649843480620:gag
1649843500319:gci 62569ce87cb0ce68768be124
1649843529975:gac 62569ce87cb0ce68768be126
1649843538158:aci test1 62569ce87cb0ce68768be126
1649843573976:uci test22 62569d527cb0ce68768be129
1649843584278:dc 62569d527cb0ce68768be129
1649844032241:gci 62569ce87cb0ce68768be124
1649844939738:gab
1649844946890:gbi 6256a2c4d894596926f0ef40
1649845049986:gci 6256a2c3d894596926f0ef3e
1649845562765:gac 6256a52089a1fd09ade4c72c
1649845836888:gac 6256a63b8c19172f133d9c78
1649846053231:gac 6256a718f81bee15037f2cb6
1649846129768:gac 6256a766a9dbf7390d937dba
1649846199392:gac 6256a7b122b2c055516961cd
1649846356840:gac 6256a847f5d0df624a9ec214
1649846461904:gac 6256a8b74a4bf438ad0ba2ea
1649846492729:gac 6256a8d652dd5c269d5af3f4
1649849440647:gac 6256b44efc07c21c734edb75
1649850354005:gab
1649850390293:ab test 6256b7ec0a922f5be6e2850c 6256b7ec0a922f5be6e2850f
1649850571211:ab test1 6256b8ba770cbf169cad01a0 6256b8ba770cbf169cad01a3
1649850573603:gab
1649850892519:ubi 6256b9f61b054c3ab4d55895 test1
1649850894501:gab
1649855003254:ubi 6256ca0e38ff3c405a8f5163 test
1649855009178:gag
1649855034480:uba 6256ca0e38ff3c405a8f515f6256ca0e38ff3c405a8f5163
1649855044303:uba 6256ca0e38ff3c405a8f5163 6256ca0e38ff3c405a8f515f
1649855046650:gab
1649855086907:gaa
1649855097988:uba 6256ca0e38ff3c405a8f5163 6256ca0e38ff3c405a8f515c
1649855117831:ubg 6256ca0e38ff3c405a8f5163 6256ca0e38ff3c405a8f515f
1649855119842:gab
1649855133221:db 6256ca0e38ff3c405a8f5163
1649855135370:gab
1649918580249:gcb
1649918599689:gbi 6257c26d539b9f770c62cd6e
1649918604051:gab
1649918630505:ab test 6257c26d539b9f770c62cd67 6257c26d539b9f770c62cd6a
1649918638208:gab
1649918656983:ubi 6257c2a6539b9f770c62cd70 test222
1649918659803:gab
1649918672533:uba 6257c2a6539b9f770c62cd70 6257c26d539b9f770c62cd69
1649918674707:gab
1649918710312:uba6257c2a6539b9f770c62cd70 6257c26c539b9f770c62cd66
1649918734060:gab
1649918737812:gcb
1649918762887:uba 6257c2a6539b9f770c62cd70 6257c26c539b9f770c62cd66
1649918765355:gab
1649918790168:ubg 6257c2a6539b9f770c62cd70 6257c26d539b9f770c62cd69
1649918791975:gab
1649918800229:db 6257c2a6539b9f770c62cd70
1649918801963:gab
1649918806044:gaa
1649918814196:aa testA
1649918815779:gaa
1649918819579:gag
1649918833021:gci 6257c26d539b9f770c62cd6c
1649918850805:aci testC 6257c26d539b9f770c62cd6e
1649918859933:gac 6257c26d539b9f770c62cd6e
1649926451606:gci 6257e11958fcfd67d9b718c9
1649926598708:gci 6257e1b557d81a1450f86527
1649927738716:gci 6257e62b77d3645b9a867c12
1649927752998:gac 6257e62b77d3645b9a867c14
1649927828684:gci 6257e67ab846d2778da2ecb8
1649928163328:gci 6257e7d2f2b10976d215ce6b
1649928177618:gac 6257e7d2f2b10976d215ce6d
1649928815638:gac 6257ea665287c855b708079d
1649928826477:aci testC 6257ea665287c855b708079d
1649928829516:gac 6257ea665287c855b708079d
1649929656479:gac 6257edac1233a7655cf970a2
1649929663501:aci testC 6257edac1233a7655cf970a2
1649929775368:aci testC 6257ee0d6c958870780f2bc1
1649929914351:aci testC 6257eeac9c740162edcdccb7
1649929966552:aci testC 6257eee2ce1e9011eeb6074d
1649931069033:aci test 6257f312ba8fc656cc28f426
1649931140394:aci test 6257f37b018fb44103d158b3
1649931143429:gac 6257f37b018fb44103d158b3
1649931786593:uci test 6257f5ed297c3e6ff28f6085
1649934200501:gac 6257ff6ccad3160ce7ee7318
1649934210700:dc 6257ff6ccad3160ce7ee7316
1649934240012:gac 6257ff6ccad3160ce7ee7318
1649935019077:aci test 62580281454aa16631dd57d3
1649935073110:aci test 625802d627697b504c6b76a0
1649935077211:gac 625802d627697b504c6b76a0
1649938934068:gci 62581001185b956982bd8047
1649938950983:gac 62581001185b956982bd8045
1649939133771:gac 625812b221d6784104a35650
1649939158232:gac 625812cf2b40b7208a0f4a5e
1649939178445:gac 1
1649939857237:gac 6258157f54691b110291ad69
1649940056676:gac 6258157f54691b110291ad67
1650009589609:gab
1650009609841:gac 625925f09382054fa6346545
1650009810020:gac 625926c4bee5d527bf07a9b5
1650010061139:gac 625927c4eb706a53676b111c
1650010086989:gac 625927dc64c12170fbcf6d76
1650010362092:gac 625928f0c2db0768e38710be
1650010382346:gci 625928f0c2db0768e38710c0
1650010578041:aci test! 625928f0c2db0768e38710be
1650010580579:gac 625928f0c2db0768e38710be
1650010597576:uci test222 625929d2c2db0768e38710c2
1650010606272:gac 625928f0c2db0768e38710be
1650010616777:dc 625929d2c2db0768e38710c2
1650010621513:gac 625928f0c2db0768e38710be
1650010724887:gaa
1650010737959:aa test1
1650010740408:gaa
1650010742399:gag
1650010751330:gcb
1650010764561:gbi 625928f0c2db0768e38710be
1650010769072:gab
1650010791713:ab testB 625928f0c2db0768e38710b9 625928f0c2db0768e38710bc
1650010793839:gab
1650010808883:ubi 62592aa7c2db0768e38710c4 testB2
1650010810303:gab
1650010821864:uba 62592aa7c2db0768e38710c4 62592a71c2db0768e38710c3
1650010823457:gab
1650010839192:ubg 62592aa7c2db0768e38710c4 625928f0c2db0768e38710bb
1650010840968:gab
1650010850999:db 62592aa7c2db0768e38710c4
1650010853000:gab
1650010916048:uba 625928f0c2db0768e38710be 62592a71c2db0768e38710c3
1650010918567:gab
1650010979191:db 625928f0c2db0768e38710be
1650010980878:gab
1650017777071:db 625945e24b3db8219227cd85
1650192605589:gab
1650267500775:gcb
1650267502988:gab
1650267511351:gbi 625d1556c798357e609bba72
1650267527145:gaa
1650267529811:gag
1650267547862:ab test 625d1556c798357e609bba6d shell:>ab test 625d1556c798357e609bba6d
1650267563349:ab testb 625d1556c798357e609bba6d 625d1556c798357e609bba70
1650267565330:gab
1650267583051:ubi 625d15abc798357e609bba76 testB222
1650267584798:gab
1650267603441:ubi 625d15abc798357e609bba76 625d1556c798357e609bba6c
1650267614701:gab
1650267631028:ubi 625d15abc798357e609bba76 testB22
1650267657705:uba 625d15abc798357e609bba76 625d1556c798357e609bba6c
1650267668358:ubg 625d1556c798357e609bba6c 625d1556c798357e609bba6f
1650267673905:gab
1650267692617:ubg 625d15abc798357e609bba76 625d1556c798357e609bba6f
1650267695047:gab
1650267706975:aa testA
1650267709630:gaa
1650267723751:gac 625d1556c798357e609bba72
1650267731814:gci 625d1556c798357e609bba74
1650267764445:acitestC111 625d15abc798357e609bba76
1650267780330:aci testC111 625d15abc798357e609bba76
1650267785619:gac 625d15abc798357e609bba76
1650267801024:uci testC 625d1684c798357e609bba78
1650267819098:db 625d15abc798357e609bba76
