1643964384688:run
1643964589041:r
1643964990676:g
1643964996591:r
1643965007682:g
1643965218935:п
1643965222142:g
1643976949955:tt
1643976954795:r
1644136416623:rr
1644136419509:r
1644306553557:g
1644306556442:r
1644306577875:g
1644306588191:get
1644306623750:g
1644306887009:r
1644307019827:g
1644307023016:r
1644307034070:g
1644307071847:print
1644307075649:run
1644307084187:p
1644307086731:print
1644497830011:gcb
1644499201253:ab Testbook2 1 1
1644499204851:gcb
1644499217235:ab test2
1644499306493:gcb
1644499310228:ab test2
1644500402998:gcb
1644500415189:gbi 1
1644500596068:gcb
1644500636174:gbi 1
1645337944508:gcb
1645337955195:ab Test2
1645338351757:ab Test2 1 1
1645338355887:gcb
1645338363130:gbi 2
1645338368108:gbi 1
1645338417287:ab Test3 null null
1645341176449:gab
1645341188854:gcb
1645341610543:gab
1645341622279:gbi 1
1645341694099:gab
1645350763697:ab Test2
1645350771495:ab Test2 1 1
1645350774425:gab
1645351656632:gbi 5
1645352129115:gbi 1
1645352171290:gbi 5
1645353076350:gbi 1
1645353079454:gab
1645353082965:gab 4
1645353612793:gab
1645353623497:ab Test book 2 1 1
1645353643895:ab Test2 1 1
1645353646862:gab
1645353655462:db 2
1645353658237:gab
1645353664756:gbc
1645353677644:gcb
1645353684236:help
1645354542064:ab Test book2
1645354563196:ab Test2
1645429873376:ab Test1 1 1
1645430729593:db 2
1645430734766:db 55
1645430817415:db 1
1645430842243:db 55
1645431254418:ви 55
1645431257053:db 55
1645431270823:db 1
1645431302855:db 55
1645432862371:gcb
1645432871512:gbi 1
1645432876664:gbi 2
1645432884255:gab
1645432895064:ab Test 1 1
1645432898359:gab
1645432907310:db 2
1645432909950:gab
1645432913470:gcb
1646133026713:gab
1646133035934:gcb
1646133044648:gab
1646133228110:gcb
1646133245478:ab test1 1 1
1646133699877:gab
1646133708835:ab test2 1 1
1646133710754:gab
1646133714166:gcb
1646139020963:gab
1646139027694:ab test1 1 1
1646139040766:gbi 1
1646139046925:gbi 2
1646139052702:gab
1646139110707:ab test1 1 1
1646139112605:gab
1646139118261:gbi 1
1646139121925:gbi 2
1646139232833:ab test1 1 1
1646204671415:gab
1646204679172:ab test1 2 3
1646204755687:ab tets1 4 5
1646204792352:ab test1 2 2
1646204942566:ab test 2 2
1646208231672:ab test1
1646208234058:gab
1646208406131:ad test1
1646208410890:ab test1
1646208412793:gab
1646214370386:gbi 4
1646215628103:gab
1646215640324:ubi 1 test1
1646216204458:gab
1646216235985:ubi 1 test1
1646217601075:gab
1646217609226:uda 1 2
1646217620763:uba 1 2
1646217623258:gab
1646217629664:ubg 1 2
1646217706238:gab
1646217710402:ubg 1 2
1646217712458:gab
1646217717171:uba 1 2
1646217718570:gab
1646217738915:ubi 1 test1
1646217742098:gab
1646218081982:ab test1 1 1
1646218088411:ab test2
1646218092554:gab
1646308976648:gaa
1646308999074:gag
1646309003618:gab
1646373389222:gcb
1646373394843:gbi 1
1646373404268:gab
1646373413155:ab test1
1646373415547:gab
1646373421547:gcb
1646373431196:ubi 2 Test2
1646373433132:gab
1646373445868:uba 2 2
1646373448340:gab
1646373457516:ubg 2 2
1646373460579:gcb
1646373464719:gbi 2
1646373471171:gaa
1646373474210:gag
1646373479875:db 2
1646373481910:gab
1646373484531:gcb
