1646378491522:gab
1647427453387:gc
1647427488156:gcb
1647429267602:gbi 1
1647429275923:gbi 2
1647430262757:gbi 1
1647430829831:gab
1647437006985:ab test1 1 1
1647437010002:gab
1647437059416:ab test1 1 1
1647439288770:gab
1647439947948:ab test1 1 1
1647498888098:gab
1647498894991:ab test 1 1
1647501725078:gab
1647501734927:ab test 1 1
1647502500470:gaa
1647502505037:gag
1647503095112:gab
1647503123839:ub 1 2
1647503128614:uba 1 2
1647503131063:gab
1647503138454:ubg 1 2
1647503140245:gab
1647503445879:uba 1 2
1647503650617:gab
1647503655732:uba 1 2
1647503658102:gab
1647503752812:ubg 1 2
1647503754614:gab
1647505072992:ab test 1 1
1647507859939:gac 1
1647512173886:gac
1647512184466:gac 1
1647512210882:uci test111 1
1647512219961:gac 1
1647512230360:aci test2222 1
1647512706395:gac 1
1647512713521:dc 1
1647512722408:gac 1
1647512845192:dc 1
1647512850704:gac 1
1647513021698:gcb 1
1647513033257:cbi 1
1647513381210:gbi 1
1647513399433:gcb
1647513462265:gbi 1
1647513641347:gab
1647513698391:gbi 1
1647513708591:gaa
1647513712878:gag
1647513720376:cbi 1
1647513724976:gac 1
1647513768881:gcb
1647513783154:ubi 1 test1111
1647513786559:gab
1647513794648:ubi 1 2
1647513798513:gbi 1
1647513808378:gab
1647513823883:uba 1 2
1647513828224:gbi 1
1647513835376:ubg 1 2
1647513839736:gbi 1
1647513846063:db 1
1647513847959:gab
1647513851775:gbi 1
1647513869543:gaa
1647513872055:gag
1647513885128:gac 1
1647513903850:gbi 1
1647513925792:cbi 1
1647513936888:uci 1 test111
1647513947927:uci test111 1
1647513968175:cbi 1
1647513974672:dc 1
1647513980695:gac 1
1647514222288:gci 1
1647514278341:gac 1
1647514292289:aci test11 1
1647514306076:uci test222 1
1647514309687:gac 1
1647514719466:aci test111 1
1647514861306:gac 1
1647514872513:aci test111 1
1647521291991:gac 1
1647521305797:aci test111 1
1647521673814:aci test11 1
1647522191460:aci test 1
1647526162179:ab test11 1 1
1647526224712:ab test
1647586501447:gci 1
1647586507292:gac 1
1647586609485:uci test 1
1647586633457:dc 1
1647588755838:gac 1
1647588786636:gci 1
1647588798922:gab
1647588804522:gcb
1647588809634:gbi 1
1647588816170:gaa
1647588819272:gag
1647591297203:gab
1647591299909:gaa
1647591303272:gag
1647591312416:db 1
1647591339754:gaa
1647591341759:gag
1647591345648:db 1
1647591362556:gaa
1647591384546:db 1
1647591386948:gaa
1647591389395:gag
1647596598652:gab
1647597229551:gci 1
1647597557817:gac
1647597560421:gac 1
1647598183891:gci 1
1647598192224:gac 1
1647598641336:gci 1
1647598712664:gac 1
1647598723800:gci1
1647598728891:gci 1
1647598757611:gac 1
1647598764415:gci 1
1647598908447:gac 1
1647598913312:gab
1647598916311:gaa
1647598918750:gag
1647599045777:gci 1
1647599054768:aci test 1
1647599066585:uci test111 1
1647599073167:gac 1
1647599083284:dc 1
1647599085607:gab
1647599088696:gac 1
1647599914243:gab
1647599920426:ab test 1 1
1647600902158:aci test 1
1647606615621:gac 1
1647607695704:gaa
1647607699901:aa test111
1647608018054:aa test 1
1647608025751:aa test
1647609560839:aa test1
1647609689827:aa test
1647866847244:aci test 1
1647868236650:gab
1647868243329:gbi 1
1647868247058:gag
1647868250328:gaa
1647868255487:gac 1
1647868265097:uci test 1
1647868269231:gac 1
1647934399004:gcb
1647934403498:gbi 1
1647934408889:gab
1647934432042:ubi 1 test
1647934435377:gab
1647934443690:uba 1 2
1647934449173:ubg 1 2
1647934450736:gab
1647934459514:db 1
1647934461857:gab
1647934468016:gaa
1647934470873:gag
1647934496514:gac 1
1647934503667:aci test 1
1647934509642:gac 1
1647934517188:uci test 1
1647934522634:gac 1
1647934528219:dc 1
1647934531649:gac 1
1648054159267:aci test 1
1648054165746:gac
1648054168778:gac 1
1648054185168:gab
1648054192173:ab test 2 2
1648054196129:gab
1648054214056:db 2
1648054217918:gab
