1648473070363:gaa
1648473078217:aa testA
1648473080743:gaa
1648473456765:gag
1648473989749:gci 1
1648474000217:gac 1
1648474007271:aci test 1
1648474010771:gac 1
1648474025210:uci test2 2
1648474030285:gac 1
1648474035018:dc 2
1648474038917:gac 1
1648474067282:aci test 1
1648474073633:gab
1648474159659:gac 1
1648474166634:aci test 1
1648474168458:gac 1
1648474173418:dc 2
1648474178658:gac 1
1648474180866:gab
1648475170779:gcb
1648475176620:gbi 1
1648475202444:ab test 1 1
1648475204419:gab
1648475209163:db 2
1648475348214:gab
1648475403651:gcb
1648475407868:gbi 1
1648475422006:ab test 1 1
1648475424163:gab
1648532360775:gaa
1648532363170:gag
1648532368683:gbi 1
